<?xml version="1.0" encoding="UTF-8"?>
<TestRun id="69c11887-0e94-4217-a358-21b0d768a33d" name="yyyz716@NMXPC-000021 2011-05-23 09:42:45" runUser="NAVISTAR\yyyz716" xmlns="http://microsoft.com/schemas/VisualStudio/TeamTest/2010">
  <TestSettings name="Default Test Settings" id="112eac21-a8ff-4168-9ffc-283412508614">
    <Deployment runDeploymentRoot="yyyz716_NMXPC-000021 2011-05-23 09_42_45">
      <DeploymentItem filename="C:\Adan.Salvador\ProyectosPrueba\SP\SP.DomainModel\bin\Debug\SP.DomainModel.dll" />
      <DeploymentItem filename="C:\Adan.Salvador\ProyectosPrueba\SP\SP\bin\SP.dll" />
      <DeploymentItem filename="C:\Adan.Salvador\ProyectosDev\Ventas\VentasMvc\VentasMvc.Tests\bin\Debug\MvcContrib.dll" />
      <DeploymentItem filename="C:\Adan.Salvador\ProyectosDev\Ventas\VentasMvc\VentasMvc.Tests\bin\Debug\MvcContrib.TestHelper.dll" />
    </Deployment>
    <Execution>
      <TestTypeSpecific />
      <AgentRule name="Execution Agents">
      </AgentRule>
    </Execution>
  </TestSettings>
  <Times creation="2011-05-23T09:42:45.9032919-05:00" queuing="2011-05-23T09:42:46.0807167-05:00" start="2011-05-23T09:42:46.0997623-05:00" finish="2011-05-23T09:42:46.9588191-05:00" />
  <ResultSummary outcome="Failed">
    <Counters total="1" executed="1" error="0" failed="1" timeout="0" aborted="0" inconclusive="0" passedButRunAborted="0" notRunnable="0" notExecuted="0" disconnected="0" warning="0" passed="0" completed="0" inProgress="0" pending="0" />
    <RunInfos>
      <RunInfo computerName="NMXPC-000021" outcome="Warning" timestamp="2011-05-23T09:42:46.0807167-05:00">
        <Text>Warning: Test Run deployment issue: The assembly or module 'Microsoft.Web.Mvc' directly or indirectly referenced by the test container 'c:\adan.salvador\proyectosprueba\sp\sp.tests\bin\debug\sp.tests.dll' was not found.</Text>
      </RunInfo>
    </RunInfos>
  </ResultSummary>
  <TestDefinitions>
    <UnitTest name="Buscar_Activos" storage="c:\adan.salvador\proyectosprueba\sp\sp.tests\bin\debug\sp.tests.dll" id="77cfc15b-886d-d6dc-310c-b2280cf3d55f">
      <Execution id="d8fc8d50-aea0-46f1-aede-a7be240a736f" />
      <TestMethod codeBase="C:/Adan.Salvador/ProyectosPrueba/SP/SP.Tests/bin/Debug/SP.Tests.DLL" adapterTypeName="Microsoft.VisualStudio.TestTools.TestTypes.Unit.UnitTestAdapter, Microsoft.VisualStudio.QualityTools.Tips.UnitTest.Adapter, Version=10.0.0.0, Culture=neutral, PublicKeyToken=b03f5f7f11d50a3a" className="SP.Tests.StockingProgramControllerTest, SP.Tests, Version=1.0.0.0, Culture=neutral, PublicKeyToken=null" name="Buscar_Activos" />
    </UnitTest>
  </TestDefinitions>
  <TestLists>
    <TestList name="Results Not in a List" id="8c84fa94-04c1-424b-9868-57a2d4851a1d" />
    <TestList name="All Loaded Results" id="19431567-8539-422a-85d7-44ee4e166bda" />
  </TestLists>
  <TestEntries>
    <TestEntry testId="77cfc15b-886d-d6dc-310c-b2280cf3d55f" executionId="d8fc8d50-aea0-46f1-aede-a7be240a736f" testListId="8c84fa94-04c1-424b-9868-57a2d4851a1d" />
  </TestEntries>
  <Results>
    <UnitTestResult executionId="d8fc8d50-aea0-46f1-aede-a7be240a736f" testId="77cfc15b-886d-d6dc-310c-b2280cf3d55f" testName="Buscar_Activos" computerName="NMXPC-000021" duration="00:00:00.6664282" startTime="2011-05-23T09:42:46.1007647-05:00" endTime="2011-05-23T09:42:46.9297495-05:00" testType="13cdc9d9-ddb5-4fa4-a97d-d965ccfc6d4b" outcome="Failed" testListId="8c84fa94-04c1-424b-9868-57a2d4851a1d" relativeResultsDirectory="d8fc8d50-aea0-46f1-aede-a7be240a736f">
      <Output>
        <ErrorInfo>
          <Message>Assert.AreEqual failed. Expected:&lt;1000&gt;. Actual:&lt;0&gt;. Debe haber 1000</Message>
          <StackTrace>   at SP.Tests.StockingProgramControllerTest.Buscar_Activos() in C:\Adan.Salvador\ProyectosPrueba\SP\SP.Tests\Controllers\StockingProgramControllerTest.cs:line 36
</StackTrace>
        </ErrorInfo>
      </Output>
    </UnitTestResult>
  </Results>
</TestRun>