<?xml version="1.0" encoding="UTF-8"?>
<TestRun id="ff3cbd3b-50d8-4279-90d6-44f278a81ca8" name="yyyz716@NMXPC-000021 2011-05-23 10:18:17" runUser="NAVISTAR\yyyz716" xmlns="http://microsoft.com/schemas/VisualStudio/TeamTest/2010">
  <TestSettings name="Default Test Settings" id="f90f0de8-fe71-4155-afd4-93ec8244672c">
    <Deployment runDeploymentRoot="yyyz716_NMXPC-000021 2011-05-23 10_18_17">
      <DeploymentItem filename="C:\Adan.Salvador\ProyectosPrueba\SP\SP.DomainModel\bin\Debug\SP.DomainModel.dll" />
      <DeploymentItem filename="C:\Adan.Salvador\ProyectosPrueba\SP\SP\bin\SP.dll" />
      <DeploymentItem filename="C:\Adan.Salvador\ProyectosDev\Ventas\VentasMvc\VentasMvc.Tests\bin\Debug\MvcContrib.dll" />
      <DeploymentItem filename="C:\Adan.Salvador\ProyectosDev\Ventas\VentasMvc\VentasMvc.Tests\bin\Debug\MvcContrib.TestHelper.dll" />
    </Deployment>
    <Execution>
      <TestTypeSpecific />
      <AgentRule name="Execution Agents">
      </AgentRule>
    </Execution>
  </TestSettings>
  <Times creation="2011-05-23T10:18:17.4363446-05:00" queuing="2011-05-23T10:18:17.6740114-05:00" start="2011-05-23T10:18:17.6800030-05:00" finish="2011-05-23T10:18:20.5539738-05:00" />
  <ResultSummary outcome="Failed">
    <Counters total="1" executed="1" error="0" failed="1" timeout="0" aborted="0" inconclusive="0" passedButRunAborted="0" notRunnable="0" notExecuted="0" disconnected="0" warning="0" passed="0" completed="0" inProgress="0" pending="0" />
    <RunInfos>
      <RunInfo computerName="NMXPC-000021" outcome="Warning" timestamp="2011-05-23T10:18:17.6740114-05:00">
        <Text>Warning: Test Run deployment issue: The assembly or module 'Microsoft.Web.Mvc' directly or indirectly referenced by the test container 'c:\adan.salvador\proyectosprueba\sp\sp.tests\bin\debug\sp.tests.dll' was not found.</Text>
      </RunInfo>
    </RunInfos>
  </ResultSummary>
  <TestDefinitions>
    <UnitTest name="Buscar_Activos" storage="c:\adan.salvador\proyectosprueba\sp\sp.tests\bin\debug\sp.tests.dll" id="77cfc15b-886d-d6dc-310c-b2280cf3d55f">
      <Execution id="a783077a-6d23-4924-9842-cb0d72fe9d20" />
      <TestMethod codeBase="C:/Adan.Salvador/ProyectosPrueba/SP/SP.Tests/bin/Debug/SP.Tests.DLL" adapterTypeName="Microsoft.VisualStudio.TestTools.TestTypes.Unit.UnitTestAdapter, Microsoft.VisualStudio.QualityTools.Tips.UnitTest.Adapter, Version=10.0.0.0, Culture=neutral, PublicKeyToken=b03f5f7f11d50a3a" className="SP.Tests.StockingProgramControllerTest, SP.Tests, Version=1.0.0.0, Culture=neutral, PublicKeyToken=null" name="Buscar_Activos" />
    </UnitTest>
  </TestDefinitions>
  <TestLists>
    <TestList name="Results Not in a List" id="8c84fa94-04c1-424b-9868-57a2d4851a1d" />
    <TestList name="All Loaded Results" id="19431567-8539-422a-85d7-44ee4e166bda" />
  </TestLists>
  <TestEntries>
    <TestEntry testId="77cfc15b-886d-d6dc-310c-b2280cf3d55f" executionId="a783077a-6d23-4924-9842-cb0d72fe9d20" testListId="8c84fa94-04c1-424b-9868-57a2d4851a1d" />
  </TestEntries>
  <Results>
    <UnitTestResult executionId="a783077a-6d23-4924-9842-cb0d72fe9d20" testId="77cfc15b-886d-d6dc-310c-b2280cf3d55f" testName="Buscar_Activos" computerName="NMXPC-000021" duration="00:00:02.6866273" startTime="2011-05-23T10:18:17.6899890-05:00" endTime="2011-05-23T10:18:20.5369976-05:00" testType="13cdc9d9-ddb5-4fa4-a97d-d965ccfc6d4b" outcome="Failed" testListId="8c84fa94-04c1-424b-9868-57a2d4851a1d" relativeResultsDirectory="a783077a-6d23-4924-9842-cb0d72fe9d20">
      <Output>
        <ErrorInfo>
          <Message>Assert.AreEqual failed. Expected:&lt;1001&gt;. Actual:&lt;1000&gt;. Debe haber 1001</Message>
          <StackTrace>   at SP.Tests.StockingProgramControllerTest.Buscar_Activos() in C:\Adan.Salvador\ProyectosPrueba\SP\SP.Tests\Controllers\StockingProgramControllerTest.cs:line 38
</StackTrace>
        </ErrorInfo>
      </Output>
    </UnitTestResult>
  </Results>
</TestRun>